002c:fixme:vcruntime:__telemetry_main_invoke_trigger (0x67000000)
002c:fixme:vcruntime:__telemetry_main_invoke_trigger (0x530000)
002c:fixme:vcruntime:__telemetry_main_invoke_trigger (0x65000000)
002c:fixme:vcruntime:__telemetry_main_invoke_trigger (0x180000000)
002c:fixme:file:FindFirstFileExW flags not implemented 0x00000002
002c:fixme:vcruntime:__telemetry_main_invoke_trigger (0xe10000)
002c:fixme:process:SetProcessDEPPolicy (3): stub
002c:fixme:vcruntime:__telemetry_main_invoke_trigger (0xac50000)
002c:fixme:vcruntime:__telemetry_main_return_trigger (0xac50000)
002c:fixme:process:GetSystemDEPPolicy stub
002c:fixme:process:GetSystemDEPPolicy stub
002c:fixme:process:GetSystemDEPPolicy stub
002c:fixme:process:GetSystemDEPPolicy stub
002c:fixme:process:GetSystemDEPPolicy stub
002c:fixme:process:GetSystemDEPPolicy stub
002c:fixme:commdlg:IServiceProvider_fnQueryService Interface {e07010ec-bc17-44c0-97b0-46c7c95b9edc} requested from unknown service {e07010ec-bc17-44c0-97b0-46c7c95b9edc}
002c:fixme:shell:ViewModeToListStyle ViewMode 0 not implemented
002c:fixme:shell:IShellBrowser_fnSendControlMsg stub, 0x99a7a90 (2, 1026, a003, 0, 0x528178)
002c:fixme:shell:IShellBrowser_fnSendControlMsg stub, 0x99a7a90 (2, 1026, a004, 0, 0x528178)
002c:fixme:shell:IShellBrowser_fnSendControlMsg stub, 0x99a7a90 (2, 1025, a003, 1, 0x528178)
002c:fixme:shell:IShellBrowser_fnSendControlMsg stub, 0x99a7a90 (2, 1025, a004, 1, 0x528178)
002c:fixme:nstc:NSTC2_fnSetControlStyle2 mask & style (0x00000004) contains unsupported style(s): 0x00000004
002c:fixme:commdlg:IServiceProvider_fnQueryService Interface {e07010ec-bc17-44c0-97b0-46c7c95b9edc} requested from unknown service {e07010ec-bc17-44c0-97b0-46c7c95b9edc}
002c:fixme:shell:ViewModeToListStyle ViewMode 0 not implemented
002c:fixme:shell:IShellBrowser_fnSendControlMsg stub, 0x99a7a90 (2, 1026, a003, 0, 0x527948)
002c:fixme:shell:IShellBrowser_fnSendControlMsg stub, 0x99a7a90 (2, 1026, a004, 0, 0x527948)
002c:fixme:shell:IShellBrowser_fnSendControlMsg stub, 0x99a7a90 (2, 1025, a003, 1, 0x527948)
002c:fixme:shell:IShellBrowser_fnSendControlMsg stub, 0x99a7a90 (2, 1025, a004, 1, 0x527948)
002c:fixme:shell:IShellBrowser_fnOnViewWindowActive stub, 0x99a7a90 (0x9a02a30)
002c:fixme:commdlg:IServiceProvider_fnQueryService Interface {e07010ec-bc17-44c0-97b0-46c7c95b9edc} requested from unknown service {e07010ec-bc17-44c0-97b0-46c7c95b9edc}
002c:fixme:shell:ViewModeToListStyle ViewMode 0 not implemented
002c:fixme:shell:IShellBrowser_fnSendControlMsg stub, 0x99a7a90 (2, 1026, a003, 0, 0x527ba8)
002c:fixme:shell:IShellBrowser_fnSendControlMsg stub, 0x99a7a90 (2, 1026, a004, 0, 0x527ba8)
002c:fixme:shell:IShellBrowser_fnSendControlMsg stub, 0x99a7a90 (2, 1025, a003, 1, 0x527ba8)
002c:fixme:shell:IShellBrowser_fnSendControlMsg stub, 0x99a7a90 (2, 1025, a004, 1, 0x527ba8)
002c:fixme:shell:IShellBrowser_fnOnViewWindowActive stub, 0x99a7a90 (0x9a036a0)
002c:fixme:commdlg:IServiceProvider_fnQueryService Interface {e07010ec-bc17-44c0-97b0-46c7c95b9edc} requested from unknown service {e07010ec-bc17-44c0-97b0-46c7c95b9edc}
002c:fixme:shell:ViewModeToListStyle ViewMode 0 not implemented
002c:fixme:shell:IShellBrowser_fnSendControlMsg stub, 0x99a7a90 (2, 1026, a003, 0, 0x527ba8)
002c:fixme:shell:IShellBrowser_fnSendControlMsg stub, 0x99a7a90 (2, 1026, a004, 0, 0x527ba8)
002c:fixme:shell:IShellBrowser_fnSendControlMsg stub, 0x99a7a90 (2, 1025, a003, 1, 0x527ba8)
002c:fixme:shell:IShellBrowser_fnSendControlMsg stub, 0x99a7a90 (2, 1025, a004, 1, 0x527ba8)
002c:fixme:commdlg:IServiceProvider_fnQueryService Interface {e07010ec-bc17-44c0-97b0-46c7c95b9edc} requested from unknown service {e07010ec-bc17-44c0-97b0-46c7c95b9edc}
002c:fixme:shell:ViewModeToListStyle ViewMode 0 not implemented
002c:fixme:shell:IShellBrowser_fnSendControlMsg stub, 0x99a7a90 (2, 1026, a003, 0, 0x527e58)
002c:fixme:shell:IShellBrowser_fnSendControlMsg stub, 0x99a7a90 (2, 1026, a004, 0, 0x527e58)
002c:fixme:shell:IShellBrowser_fnSendControlMsg stub, 0x99a7a90 (2, 1025, a003, 1, 0x527e58)
002c:fixme:shell:IShellBrowser_fnSendControlMsg stub, 0x99a7a90 (2, 1025, a004, 1, 0x527e58)
002c:fixme:shell:IShellBrowser_fnOnViewWindowActive stub, 0x99a7a90 (0x9a036a0)
002c:fixme:commdlg:IServiceProvider_fnQueryService Interface {e07010ec-bc17-44c0-97b0-46c7c95b9edc} requested from unknown service {e07010ec-bc17-44c0-97b0-46c7c95b9edc}
002c:fixme:shell:ViewModeToListStyle ViewMode 0 not implemented
002c:fixme:shell:IShellBrowser_fnSendControlMsg stub, 0x99a7a90 (2, 1026, a003, 0, 0x527ba8)
002c:fixme:shell:IShellBrowser_fnSendControlMsg stub, 0x99a7a90 (2, 1026, a004, 0, 0x527ba8)
002c:fixme:shell:IShellBrowser_fnSendControlMsg stub, 0x99a7a90 (2, 1025, a003, 1, 0x527ba8)
002c:fixme:shell:IShellBrowser_fnSendControlMsg stub, 0x99a7a90 (2, 1025, a004, 1, 0x527ba8)
002c:fixme:commdlg:IServiceProvider_fnQueryService Interface {e07010ec-bc17-44c0-97b0-46c7c95b9edc} requested from unknown service {e07010ec-bc17-44c0-97b0-46c7c95b9edc}
002c:fixme:shell:ViewModeToListStyle ViewMode 0 not implemented
002c:fixme:shell:IShellBrowser_fnSendControlMsg stub, 0x99a7a90 (2, 1026, a003, 0, 0x527e58)
002c:fixme:shell:IShellBrowser_fnSendControlMsg stub, 0x99a7a90 (2, 1026, a004, 0, 0x527e58)
002c:fixme:shell:IShellBrowser_fnSendControlMsg stub, 0x99a7a90 (2, 1025, a003, 1, 0x527e58)
002c:fixme:shell:IShellBrowser_fnSendControlMsg stub, 0x99a7a90 (2, 1025, a004, 1, 0x527e58)
002c:fixme:shell:IShellBrowser_fnOnViewWindowActive stub, 0x99a7a90 (0x9a046b0)
002c:fixme:commdlg:IServiceProvider_fnQueryService Interface {e07010ec-bc17-44c0-97b0-46c7c95b9edc} requested from unknown service {e07010ec-bc17-44c0-97b0-46c7c95b9edc}
002c:fixme:shell:ViewModeToListStyle ViewMode 0 not implemented
002c:fixme:shell:IShellBrowser_fnSendControlMsg stub, 0x99a7a90 (2, 1026, a003, 0, 0x527ba8)
002c:fixme:shell:IShellBrowser_fnSendControlMsg stub, 0x99a7a90 (2, 1026, a004, 0, 0x527ba8)
002c:fixme:shell:IShellBrowser_fnSendControlMsg stub, 0x99a7a90 (2, 1025, a003, 1, 0x527ba8)
002c:fixme:shell:IShellBrowser_fnSendControlMsg stub, 0x99a7a90 (2, 1025, a004, 1, 0x527ba8)
002c:fixme:shell:IShellBrowser_fnOnViewWindowActive stub, 0x99a7a90 (0x99aa660)
002c:fixme:commdlg:IServiceProvider_fnQueryService Interface {e07010ec-bc17-44c0-97b0-46c7c95b9edc} requested from unknown service {e07010ec-bc17-44c0-97b0-46c7c95b9edc}
002c:fixme:shell:ViewModeToListStyle ViewMode 0 not implemented
002c:fixme:shell:IShellBrowser_fnSendControlMsg stub, 0x99a7a90 (2, 1026, a003, 0, 0x527ba8)
002c:fixme:shell:IShellBrowser_fnSendControlMsg stub, 0x99a7a90 (2, 1026, a004, 0, 0x527ba8)
002c:fixme:shell:IShellBrowser_fnSendControlMsg stub, 0x99a7a90 (2, 1025, a003, 1, 0x527ba8)
002c:fixme:shell:IShellBrowser_fnSendControlMsg stub, 0x99a7a90 (2, 1025, a004, 1, 0x527ba8)
002c:fixme:shell:IShellBrowser_fnOnViewWindowActive stub, 0x99a7a90 (0x9a0c020)
002c:fixme:commdlg:IServiceProvider_fnQueryService Interface {e07010ec-bc17-44c0-97b0-46c7c95b9edc} requested from unknown service {e07010ec-bc17-44c0-97b0-46c7c95b9edc}
002c:fixme:shell:ViewModeToListStyle ViewMode 0 not implemented
002c:fixme:shell:IShellBrowser_fnSendControlMsg stub, 0x99a7a90 (2, 1026, a003, 0, 0x527ba8)
002c:fixme:shell:IShellBrowser_fnSendControlMsg stub, 0x99a7a90 (2, 1026, a004, 0, 0x527ba8)
002c:fixme:shell:IShellBrowser_fnSendControlMsg stub, 0x99a7a90 (2, 1025, a003, 1, 0x527ba8)
002c:fixme:shell:IShellBrowser_fnSendControlMsg stub, 0x99a7a90 (2, 1025, a004, 1, 0x527ba8)
002c:fixme:shell:IShellBrowser_fnOnViewWindowActive stub, 0x99a7a90 (0x9a19d90)
002c:fixme:win:FlashWindowEx 0x527680 - semi-stub
002c:fixme:vcruntime:__telemetry_main_invoke_trigger (0x10a80000)
002c:fixme:process:GetSystemDEPPolicy stub
002c:fixme:process:GetSystemDEPPolicy stub
002c:fixme:process:GetSystemDEPPolicy stub
002c:fixme:process:GetSystemDEPPolicy stub
002c:fixme:process:GetSystemDEPPolicy stub
002c:fixme:process:GetSystemDEPPolicy stub
002c:fixme:process:GetSystemDEPPolicy stub
002c:fixme:process:GetSystemDEPPolicy stub
002c:fixme:vcruntime:__telemetry_main_return_trigger (0x10a80000)
002c:fixme:process:GetSystemDEPPolicy stub
002c:fixme:process:GetSystemDEPPolicy stub
002c:fixme:process:GetSystemDEPPolicy stub
002c:fixme:commdlg:IServiceProvider_fnQueryService Interface {e07010ec-bc17-44c0-97b0-46c7c95b9edc} requested from unknown service {e07010ec-bc17-44c0-97b0-46c7c95b9edc}
002c:fixme:shell:ViewModeToListStyle ViewMode 0 not implemented
002c:fixme:shell:IShellBrowser_fnSendControlMsg stub, 0x99e0e90 (2, 1026, a003, 0, 0x528148)
002c:fixme:shell:IShellBrowser_fnSendControlMsg stub, 0x99e0e90 (2, 1026, a004, 0, 0x528148)
002c:fixme:shell:IShellBrowser_fnSendControlMsg stub, 0x99e0e90 (2, 1025, a003, 1, 0x528148)
002c:fixme:shell:IShellBrowser_fnSendControlMsg stub, 0x99e0e90 (2, 1025, a004, 1, 0x528148)
002c:fixme:nstc:NSTC2_fnSetControlStyle2 mask & style (0x00000004) contains unsupported style(s): 0x00000004
002c:fixme:shell:IShellBrowser_fnOnViewWindowActive stub, 0x99e0e90 (0x99a6a60)
002c:fixme:win:FlashWindowEx 0x527650 - semi-stub
002c:fixme:vcruntime:__telemetry_main_invoke_trigger (0x10a80000)
002c:fixme:process:GetSystemDEPPolicy stub
002c:fixme:process:GetSystemDEPPolicy stub
002c:fixme:process:GetSystemDEPPolicy stub
002c:fixme:process:GetSystemDEPPolicy stub
002c:fixme:process:GetSystemDEPPolicy stub
002c:fixme:process:GetSystemDEPPolicy stub
002c:fixme:process:GetSystemDEPPolicy stub
002c:fixme:process:GetSystemDEPPolicy stub
002c:fixme:ole:snapshot_QueryGetData (0x99d6440, 0x525bf0 {cf c067 ptd (nil) aspect 1 lindex -1 tymed 1})
002c:fixme:ole:snapshot_QueryGetData (0x99d6440, 0x525bf0 {cf c067 ptd (nil) aspect 1 lindex -1 tymed 4})
002c:fixme:ole:snapshot_QueryGetData (0x99d6440, 0x525be0 {cf c01c ptd (nil) aspect 1 lindex -1 tymed 1})
002c:fixme:ole:snapshot_QueryGetData (0x99d6440, 0x525be0 {cf c01c ptd (nil) aspect 1 lindex -1 tymed 4})
002c:fixme:ole:snapshot_QueryGetData (0x99d6440, 0x525bb0 {cf c068 ptd (nil) aspect 1 lindex -1 tymed 1})
002c:fixme:ole:snapshot_QueryGetData (0x99d6440, 0x525bb0 {cf c068 ptd (nil) aspect 1 lindex -1 tymed 4})
002c:fixme:ole:snapshot_QueryGetData (0x99d6440, 0x5257c0 {cf 000d ptd (nil) aspect 1 lindex -1 tymed 1})
002c:fixme:ole:snapshot_QueryGetData (0x99d6440, 0x525770 {cf 000d ptd (nil) aspect 1 lindex -1 tymed 1})
002c:fixme:ole:get_tymed_from_nonole_cf returning TYMED_NULL for cf 0010
002c:fixme:vcruntime:__telemetry_main_return_trigger (0x10a80000)
002c:fixme:process:GetSystemDEPPolicy stub
002c:fixme:process:GetSystemDEPPolicy stub
002c:fixme:process:GetSystemDEPPolicy stub
002c:fixme:commdlg:IServiceProvider_fnQueryService Interface {e07010ec-bc17-44c0-97b0-46c7c95b9edc} requested from unknown service {e07010ec-bc17-44c0-97b0-46c7c95b9edc}
002c:fixme:shell:ViewModeToListStyle ViewMode 0 not implemented
002c:fixme:shell:IShellBrowser_fnSendControlMsg stub, 0x9a08580 (2, 1026, a003, 0, 0x528148)
002c:fixme:shell:IShellBrowser_fnSendControlMsg stub, 0x9a08580 (2, 1026, a004, 0, 0x528148)
002c:fixme:shell:IShellBrowser_fnSendControlMsg stub, 0x9a08580 (2, 1025, a003, 1, 0x528148)
002c:fixme:shell:IShellBrowser_fnSendControlMsg stub, 0x9a08580 (2, 1025, a004, 1, 0x528148)
002c:fixme:nstc:NSTC2_fnSetControlStyle2 mask & style (0x00000004) contains unsupported style(s): 0x00000004
002c:fixme:shell:IShellBrowser_fnOnViewWindowActive stub, 0x9a08580 (0x99af5f0)
002c:fixme:win:FlashWindowEx 0x527650 - semi-stub
002c:fixme:vcruntime:__telemetry_main_invoke_trigger (0x10a80000)
002c:fixme:process:GetSystemDEPPolicy stub
002c:fixme:process:GetSystemDEPPolicy stub
002c:fixme:process:GetSystemDEPPolicy stub
002c:fixme:process:GetSystemDEPPolicy stub
002c:fixme:process:GetSystemDEPPolicy stub
002c:fixme:process:GetSystemDEPPolicy stub
002c:fixme:process:GetSystemDEPPolicy stub
002c:fixme:process:GetSystemDEPPolicy stub
002c:fixme:ole:snapshot_QueryGetData (0x997e550, 0x525bf0 {cf c067 ptd (nil) aspect 1 lindex -1 tymed 1})
002c:fixme:ole:snapshot_QueryGetData (0x997e550, 0x525bf0 {cf c067 ptd (nil) aspect 1 lindex -1 tymed 4})
002c:fixme:ole:snapshot_QueryGetData (0x997e550, 0x525be0 {cf c01c ptd (nil) aspect 1 lindex -1 tymed 1})
002c:fixme:ole:snapshot_QueryGetData (0x997e550, 0x525be0 {cf c01c ptd (nil) aspect 1 lindex -1 tymed 4})
002c:fixme:ole:snapshot_QueryGetData (0x997e550, 0x525bb0 {cf c068 ptd (nil) aspect 1 lindex -1 tymed 1})
002c:fixme:ole:snapshot_QueryGetData (0x997e550, 0x525bb0 {cf c068 ptd (nil) aspect 1 lindex -1 tymed 4})
002c:fixme:ole:snapshot_QueryGetData (0x997e550, 0x5257c0 {cf 000d ptd (nil) aspect 1 lindex -1 tymed 1})
002c:fixme:ole:snapshot_QueryGetData (0x997e550, 0x525770 {cf 000d ptd (nil) aspect 1 lindex -1 tymed 1})
002c:fixme:ole:get_tymed_from_nonole_cf returning TYMED_NULL for cf 0010
002c:fixme:keyboard:X11DRV_ActivateKeyboardLayout 0xffffffffe0010804, 0000: semi-stub!
002c:fixme:keyboard:X11DRV_ActivateKeyboardLayout 0xffffffffe0010804, 0000: semi-stub!
002c:fixme:vcruntime:__telemetry_main_return_trigger (0x10a80000)
002c:fixme:msvcrt:__clean_type_info_names_internal (0x10756268) stub
002c:fixme:msvcrt:__clean_type_info_names_internal (0xec29aa8) stub
002c:fixme:msvcrt:__clean_type_info_names_internal (0x1d1bdd68) stub
002c:fixme:msvcrt:__clean_type_info_names_internal (0x1e31e2e8) stub
002c:fixme:vcruntime:__telemetry_main_return_trigger (0xe10000)
002c:fixme:vcruntime:__telemetry_main_return_trigger (0x180000000)
002c:fixme:vcruntime:__telemetry_main_return_trigger (0x65000000)
002c:fixme:vcruntime:__telemetry_main_return_trigger (0x530000)
002c:fixme:vcruntime:__telemetry_main_return_trigger (0x67000000)
002b:fixme:vcruntime:__telemetry_main_invoke_trigger (0x67000000)
002b:fixme:vcruntime:__telemetry_main_invoke_trigger (0x530000)
002b:fixme:vcruntime:__telemetry_main_invoke_trigger (0x65000000)
002b:fixme:vcruntime:__telemetry_main_invoke_trigger (0x180000000)
002b:fixme:file:FindFirstFileExW flags not implemented 0x00000002
002b:fixme:vcruntime:__telemetry_main_invoke_trigger (0xf20000)
002b:fixme:process:SetProcessDEPPolicy (3): stub
002b:fixme:vcruntime:__telemetry_main_invoke_trigger (0xa2f0000)
002b:fixme:vcruntime:__telemetry_main_return_trigger (0xa2f0000)
002b:fixme:process:GetSystemDEPPolicy stub
002b:fixme:process:GetSystemDEPPolicy stub
002b:fixme:process:GetSystemDEPPolicy stub
002b:fixme:process:GetSystemDEPPolicy stub
002b:fixme:process:GetSystemDEPPolicy stub
002b:fixme:process:GetSystemDEPPolicy stub
002b:fixme:commdlg:IServiceProvider_fnQueryService Interface {e07010ec-bc17-44c0-97b0-46c7c95b9edc} requested from unknown service {e07010ec-bc17-44c0-97b0-46c7c95b9edc}
002b:fixme:shell:ViewModeToListStyle ViewMode 0 not implemented
002b:fixme:shell:IShellBrowser_fnSendControlMsg stub, 0x9ab9070 (2, 1026, a003, 0, 0x528178)
002b:fixme:shell:IShellBrowser_fnSendControlMsg stub, 0x9ab9070 (2, 1026, a004, 0, 0x528178)
002b:fixme:shell:IShellBrowser_fnSendControlMsg stub, 0x9ab9070 (2, 1025, a003, 1, 0x528178)
002b:fixme:shell:IShellBrowser_fnSendControlMsg stub, 0x9ab9070 (2, 1025, a004, 1, 0x528178)
002b:fixme:nstc:NSTC2_fnSetControlStyle2 mask & style (0x00000004) contains unsupported style(s): 0x00000004
002b:fixme:shell:IShellBrowser_fnOnViewWindowActive stub, 0x9ab9070 (0x9abbd00)
002b:fixme:win:FlashWindowEx 0x527680 - semi-stub
002b:fixme:vcruntime:__telemetry_main_invoke_trigger (0xf960000)
002b:fixme:process:GetSystemDEPPolicy stub
002b:fixme:process:GetSystemDEPPolicy stub
002b:fixme:process:GetSystemDEPPolicy stub
002b:fixme:process:GetSystemDEPPolicy stub
002b:fixme:process:GetSystemDEPPolicy stub
002b:fixme:process:GetSystemDEPPolicy stub
002b:fixme:process:GetSystemDEPPolicy stub
002b:fixme:process:GetSystemDEPPolicy stub
002b:fixme:keyboard:X11DRV_ActivateKeyboardLayout 0xffffffffe0010804, 0000: semi-stub!
002b:fixme:keyboard:X11DRV_ActivateKeyboardLayout 0xffffffffe0010804, 0000: semi-stub!
002b:fixme:vcruntime:__telemetry_main_return_trigger (0xf960000)
002b:fixme:process:GetSystemDEPPolicy stub
002b:fixme:process:GetSystemDEPPolicy stub
002b:fixme:process:GetSystemDEPPolicy stub
002b:fixme:commdlg:IServiceProvider_fnQueryService Interface {e07010ec-bc17-44c0-97b0-46c7c95b9edc} requested from unknown service {e07010ec-bc17-44c0-97b0-46c7c95b9edc}
002b:fixme:shell:ViewModeToListStyle ViewMode 0 not implemented
002b:fixme:shell:IShellBrowser_fnSendControlMsg stub, 0x9ac7990 (2, 1026, a003, 0, 0x528148)
002b:fixme:shell:IShellBrowser_fnSendControlMsg stub, 0x9ac7990 (2, 1026, a004, 0, 0x528148)
002b:fixme:shell:IShellBrowser_fnSendControlMsg stub, 0x9ac7990 (2, 1025, a003, 1, 0x528148)
002b:fixme:shell:IShellBrowser_fnSendControlMsg stub, 0x9ac7990 (2, 1025, a004, 1, 0x528148)
002b:fixme:nstc:NSTC2_fnSetControlStyle2 mask & style (0x00000004) contains unsupported style(s): 0x00000004
002b:fixme:shell:IShellBrowser_fnOnViewWindowActive stub, 0x9ac7990 (0x9ab8ae0)
002b:fixme:win:FlashWindowEx 0x527650 - semi-stub
002b:fixme:vcruntime:__telemetry_main_invoke_trigger (0xfad0000)
002b:fixme:process:GetSystemDEPPolicy stub
002b:fixme:process:GetSystemDEPPolicy stub
002b:fixme:process:GetSystemDEPPolicy stub
002b:fixme:process:GetSystemDEPPolicy stub
002b:fixme:process:GetSystemDEPPolicy stub
002b:fixme:process:GetSystemDEPPolicy stub
002b:fixme:process:GetSystemDEPPolicy stub
002b:fixme:process:GetSystemDEPPolicy stub
002b:fixme:ole:snapshot_QueryGetData (0x94040, 0x525bf0 {cf c06c ptd (nil) aspect 1 lindex -1 tymed 1})
002b:fixme:ole:snapshot_QueryGetData (0x94040, 0x525bf0 {cf c06c ptd (nil) aspect 1 lindex -1 tymed 4})
002b:fixme:ole:snapshot_QueryGetData (0x94040, 0x525be0 {cf c01a ptd (nil) aspect 1 lindex -1 tymed 1})
002b:fixme:ole:snapshot_QueryGetData (0x94040, 0x525be0 {cf c01a ptd (nil) aspect 1 lindex -1 tymed 4})
002b:fixme:ole:snapshot_QueryGetData (0x94040, 0x525bb0 {cf c06d ptd (nil) aspect 1 lindex -1 tymed 1})
002b:fixme:ole:snapshot_QueryGetData (0x94040, 0x525bb0 {cf c06d ptd (nil) aspect 1 lindex -1 tymed 4})
002b:fixme:ole:snapshot_QueryGetData (0x94040, 0x5257c0 {cf 000d ptd (nil) aspect 1 lindex -1 tymed 1})
002b:fixme:ole:snapshot_QueryGetData (0x94040, 0x525770 {cf 000d ptd (nil) aspect 1 lindex -1 tymed 1})
002b:fixme:ole:get_tymed_from_nonole_cf returning TYMED_NULL for cf 0010
