002a:fixme:vcruntime:__telemetry_main_invoke_trigger (0x67000000)
002a:fixme:vcruntime:__telemetry_main_invoke_trigger (0x530000)
002a:fixme:vcruntime:__telemetry_main_invoke_trigger (0x65000000)
002a:fixme:vcruntime:__telemetry_main_invoke_trigger (0x180000000)
002a:fixme:file:FindFirstFileExW flags not implemented 0x00000002
002a:fixme:vcruntime:__telemetry_main_invoke_trigger (0xe10000)
002a:fixme:process:SetProcessDEPPolicy (3): stub
002a:fixme:vcruntime:__telemetry_main_invoke_trigger (0x9ee0000)
002a:fixme:vcruntime:__telemetry_main_return_trigger (0x9ee0000)
002a:fixme:process:GetSystemDEPPolicy stub
002a:fixme:process:GetSystemDEPPolicy stub
002a:fixme:process:GetSystemDEPPolicy stub
002a:fixme:process:GetSystemDEPPolicy stub
002a:fixme:process:GetSystemDEPPolicy stub
002a:fixme:process:GetSystemDEPPolicy stub
002a:fixme:commdlg:IServiceProvider_fnQueryService Interface {e07010ec-bc17-44c0-97b0-46c7c95b9edc} requested from unknown service {e07010ec-bc17-44c0-97b0-46c7c95b9edc}
002a:fixme:shell:ViewModeToListStyle ViewMode 0 not implemented
002a:fixme:shell:IShellBrowser_fnSendControlMsg stub, 0x99a6540 (2, 1026, a003, 0, 0x528178)
002a:fixme:shell:IShellBrowser_fnSendControlMsg stub, 0x99a6540 (2, 1026, a004, 0, 0x528178)
002a:fixme:shell:IShellBrowser_fnSendControlMsg stub, 0x99a6540 (2, 1025, a003, 1, 0x528178)
002a:fixme:shell:IShellBrowser_fnSendControlMsg stub, 0x99a6540 (2, 1025, a004, 1, 0x528178)
002a:fixme:nstc:NSTC2_fnSetControlStyle2 mask & style (0x00000004) contains unsupported style(s): 0x00000004
002a:fixme:commdlg:IServiceProvider_fnQueryService Interface {e07010ec-bc17-44c0-97b0-46c7c95b9edc} requested from unknown service {e07010ec-bc17-44c0-97b0-46c7c95b9edc}
002a:fixme:shell:ViewModeToListStyle ViewMode 0 not implemented
002a:fixme:shell:IShellBrowser_fnSendControlMsg stub, 0x99a6540 (2, 1026, a003, 0, 0x527948)
002a:fixme:shell:IShellBrowser_fnSendControlMsg stub, 0x99a6540 (2, 1026, a004, 0, 0x527948)
002a:fixme:shell:IShellBrowser_fnSendControlMsg stub, 0x99a6540 (2, 1025, a003, 1, 0x527948)
002a:fixme:shell:IShellBrowser_fnSendControlMsg stub, 0x99a6540 (2, 1025, a004, 1, 0x527948)
002a:fixme:shell:IShellBrowser_fnOnViewWindowActive stub, 0x99a6540 (0xf27a0)
002a:fixme:commdlg:IServiceProvider_fnQueryService Interface {e07010ec-bc17-44c0-97b0-46c7c95b9edc} requested from unknown service {e07010ec-bc17-44c0-97b0-46c7c95b9edc}
002a:fixme:shell:ViewModeToListStyle ViewMode 0 not implemented
002a:fixme:shell:IShellBrowser_fnSendControlMsg stub, 0x99a6540 (2, 1026, a003, 0, 0x527ba8)
002a:fixme:shell:IShellBrowser_fnSendControlMsg stub, 0x99a6540 (2, 1026, a004, 0, 0x527ba8)
002a:fixme:shell:IShellBrowser_fnSendControlMsg stub, 0x99a6540 (2, 1025, a003, 1, 0x527ba8)
002a:fixme:shell:IShellBrowser_fnSendControlMsg stub, 0x99a6540 (2, 1025, a004, 1, 0x527ba8)
002a:fixme:shell:IShellBrowser_fnOnViewWindowActive stub, 0x99a6540 (0x99a92f0)
002a:fixme:commdlg:IServiceProvider_fnQueryService Interface {e07010ec-bc17-44c0-97b0-46c7c95b9edc} requested from unknown service {e07010ec-bc17-44c0-97b0-46c7c95b9edc}
002a:fixme:shell:ViewModeToListStyle ViewMode 0 not implemented
002a:fixme:shell:IShellBrowser_fnSendControlMsg stub, 0x99a6540 (2, 1026, a003, 0, 0x527ba8)
002a:fixme:shell:IShellBrowser_fnSendControlMsg stub, 0x99a6540 (2, 1026, a004, 0, 0x527ba8)
002a:fixme:shell:IShellBrowser_fnSendControlMsg stub, 0x99a6540 (2, 1025, a003, 1, 0x527ba8)
002a:fixme:shell:IShellBrowser_fnSendControlMsg stub, 0x99a6540 (2, 1025, a004, 1, 0x527ba8)
002a:fixme:shell:IShellBrowser_fnOnViewWindowActive stub, 0x99a6540 (0x9a02430)
002a:fixme:commdlg:IServiceProvider_fnQueryService Interface {e07010ec-bc17-44c0-97b0-46c7c95b9edc} requested from unknown service {e07010ec-bc17-44c0-97b0-46c7c95b9edc}
002a:fixme:shell:ViewModeToListStyle ViewMode 0 not implemented
002a:fixme:shell:IShellBrowser_fnSendControlMsg stub, 0x99a6540 (2, 1026, a003, 0, 0x527ba8)
002a:fixme:shell:IShellBrowser_fnSendControlMsg stub, 0x99a6540 (2, 1026, a004, 0, 0x527ba8)
002a:fixme:shell:IShellBrowser_fnSendControlMsg stub, 0x99a6540 (2, 1025, a003, 1, 0x527ba8)
002a:fixme:shell:IShellBrowser_fnSendControlMsg stub, 0x99a6540 (2, 1025, a004, 1, 0x527ba8)
002a:fixme:shell:IShellBrowser_fnOnViewWindowActive stub, 0x99a6540 (0x9a04af0)
002a:fixme:commdlg:IServiceProvider_fnQueryService Interface {e07010ec-bc17-44c0-97b0-46c7c95b9edc} requested from unknown service {e07010ec-bc17-44c0-97b0-46c7c95b9edc}
002a:fixme:shell:ViewModeToListStyle ViewMode 0 not implemented
002a:fixme:shell:IShellBrowser_fnSendControlMsg stub, 0x99a6540 (2, 1026, a003, 0, 0x527ba8)
002a:fixme:shell:IShellBrowser_fnSendControlMsg stub, 0x99a6540 (2, 1026, a004, 0, 0x527ba8)
002a:fixme:shell:IShellBrowser_fnSendControlMsg stub, 0x99a6540 (2, 1025, a003, 1, 0x527ba8)
002a:fixme:shell:IShellBrowser_fnSendControlMsg stub, 0x99a6540 (2, 1025, a004, 1, 0x527ba8)
002a:fixme:shell:IShellBrowser_fnOnViewWindowActive stub, 0x99a6540 (0x9a10ac0)
002a:fixme:win:FlashWindowEx 0x527680 - semi-stub
002a:fixme:vcruntime:__telemetry_main_invoke_trigger (0xf550000)
002a:fixme:process:GetSystemDEPPolicy stub
002a:fixme:process:GetSystemDEPPolicy stub
002a:fixme:process:GetSystemDEPPolicy stub
002a:fixme:process:GetSystemDEPPolicy stub
002a:fixme:process:GetSystemDEPPolicy stub
002a:fixme:process:GetSystemDEPPolicy stub
002a:fixme:process:GetSystemDEPPolicy stub
002a:fixme:process:GetSystemDEPPolicy stub
002a:fixme:keyboard:X11DRV_ActivateKeyboardLayout 0xffffffffe0010804, 0000: semi-stub!
002a:fixme:keyboard:X11DRV_ActivateKeyboardLayout 0xffffffffe0010804, 0000: semi-stub!
002a:fixme:ole:snapshot_QueryGetData (0x9a10df0, 0x525bf0 {cf c063 ptd (nil) aspect 1 lindex -1 tymed 1})
002a:fixme:ole:snapshot_QueryGetData (0x9a10df0, 0x525bf0 {cf c063 ptd (nil) aspect 1 lindex -1 tymed 4})
002a:fixme:ole:snapshot_QueryGetData (0x9a10df0, 0x525be0 {cf c01c ptd (nil) aspect 1 lindex -1 tymed 1})
002a:fixme:ole:snapshot_QueryGetData (0x9a10df0, 0x525be0 {cf c01c ptd (nil) aspect 1 lindex -1 tymed 4})
002a:fixme:ole:snapshot_QueryGetData (0x9a10df0, 0x525bb0 {cf c064 ptd (nil) aspect 1 lindex -1 tymed 1})
002a:fixme:ole:snapshot_QueryGetData (0x9a10df0, 0x525bb0 {cf c064 ptd (nil) aspect 1 lindex -1 tymed 4})
002a:fixme:ole:snapshot_QueryGetData (0x9a10df0, 0x5257c0 {cf 000d ptd (nil) aspect 1 lindex -1 tymed 1})
002a:fixme:ole:snapshot_QueryGetData (0x9a10df0, 0x525770 {cf 000d ptd (nil) aspect 1 lindex -1 tymed 1})
002a:fixme:ole:get_tymed_from_nonole_cf returning TYMED_NULL for cf 0010
002a:fixme:event:wait_for_withdrawn_state window 0x30076/b60000d wait timed out
002a:fixme:event:wait_for_withdrawn_state window 0x30076/b60000d wait timed out
002a:fixme:event:wait_for_withdrawn_state window 0x30076/b60000d wait timed out
002a:fixme:event:wait_for_withdrawn_state window 0x30076/b60000d wait timed out
002a:fixme:vcruntime:__telemetry_main_return_trigger (0xf550000)
002a:fixme:msvcrt:__clean_type_info_names_internal (0xdeb9aa8) stub
002a:fixme:msvcrt:__clean_type_info_names_internal (0x1d1bdd68) stub
002a:fixme:msvcrt:__clean_type_info_names_internal (0x1e31e2e8) stub
002a:fixme:vcruntime:__telemetry_main_return_trigger (0xe10000)
002a:fixme:vcruntime:__telemetry_main_return_trigger (0x180000000)
002a:fixme:vcruntime:__telemetry_main_return_trigger (0x65000000)
002a:fixme:vcruntime:__telemetry_main_return_trigger (0x530000)
002a:fixme:vcruntime:__telemetry_main_return_trigger (0x67000000)
